>output.out
M	nan
S	nan
T	nan
Q	nan
S	nan
T	nan
H	nan
P	nan
L	nan
K	nan
P	nan
E	nan
A	nan
P	nan
R	nan
L	nan
P	nan
P	36.27
G	32.36
I	28.65
P	32.0
E	30.8
S	29.21
P	26.11
S	30.97
C	30.01
Q	28.94
R	22.2
R	nan
H	34.86666666666667
T	32.43666666666667
L	24.513333333333332
P	23.84
A	22.596666666666664
S	22.02333333333333
E	23.013333333333335
F	21.886666666666667
R	19.95
C	19.810000000000002
L	18.970000000000002
T	21.926666666666666
P	24.090000000000003
E	25.173333333333332
D	21.21333333333333
A	20.856666666666666
V	21.536666666666665
S	18.26
A	18.276666666666667
F	17.5
E	20.386666666666667
I	17.636666666666667
E	18.78
R	21.616666666666664
E	21.246666666666666
A	18.126666666666665
F	19.099999999999998
I	22.16
S	27.47
V	30.37333333333333
L	31.436666666666667
G	29.59
V	25.396666666666665
C	22.41
P	20.623333333333335
L	20.006666666666664
Y	21.356666666666666
L	23.823333333333334
D	26.683333333333334
E	22.97
I	23.026666666666667
R	24.776666666666667
H	23.7
F	19.813333333333333
L	19.919999999999998
T	22.383333333333336
L	20.633333333333333
C	20.39333333333333
P	22.583333333333332
E	21.886666666666667
L	19.22
S	18.886666666666667
L	17.933333333333334
G	15.413333333333334
W	16.37666666666667
F	15.719999999999999
E	16.326666666666668
E	19.993333333333332
G	18.933333333333334
C	18.073333333333334
L	16.253333333333334
V	15.149999999999999
A	13.410000000000002
F	12.519999999999998
I	12.18
I	12.486666666666666
G	14.336666666666666
S	16.24
L	16.43
W	16.896666666666665
D	18.826666666666668
K	19.09
E	20.01
R	18.726666666666667
L	18.413333333333334
M	19.03
Q	19.423333333333336
E	22.296666666666667
S	21.913333333333338
L	23.80666666666667
T	24.653333333333332
L	24.696666666666662
H	22.916666666666668
R	23.143333333333334
S	23.59
G	24.773333333333337
G	21.97
H	20.89666666666667
I	16.653333333333332
A	14.896666666666667
H	16.05666666666667
L	16.7
H	17.013333333333335
V	16.286666666666665
L	13.086666666666666
A	13.569999999999999
V	13.33
H	16.996666666666666
R	22.77
A	21.62
F	19.09
R	16.98333333333333
Q	21.62
Q	21.876666666666665
G	18.483333333333334
R	17.55333333333333
G	15.056666666666667
P	14.979999999999999
I	15.826666666666666
L	14.973333333333334
L	15.683333333333332
W	16.653333333333332
R	18.063333333333333
Y	15.403333333333334
L	17.029999999999998
H	22.273333333333337
H	24.143333333333334
L	23.680000000000003
G	27.689999999999998
S	33.696666666666665
Q	38.75666666666667
P	39.04
A	33.720000000000006
V	27.12
R	25.150000000000002
R	19.223333333333333
A	14.646666666666667
A	13.65
L	15.996666666666668
M	16.55333333333333
C	18.736666666666665
E	23.323333333333334
D	24.823333333333334
A	22.790000000000003
L	18.803333333333335
V	17.516666666666666
P	19.023333333333333
F	18.07
Y	15.736666666666666
E	16.58666666666667
R	17.103333333333335
F	17.066666666666666
S	17.6
F	18.01
H	19.97666666666667
A	19.583333333333332
V	18.206666666666667
G	17.953333333333333
P	18.91333333333333
C	19.606666666666666
A	21.73
I	20.833333333333332
T	26.563333333333333
V	26.363333333333333
G	25.62
S	27.156666666666666
L	26.953333333333333
T	25.10666666666667
F	18.209999999999997
M	15.38
E	15.886666666666668
L	17.47
H	17.483333333333334
C	20.113333333333333
S	23.546666666666667
L	26.38
R	21.43
G	nan
H	nan
P	nan
F	nan
L	nan
R	nan
R	nan
N	nan
S	nan
G	nan
C	nan
